[23-Nov-2017 08:48:31 UTC] PHP Fatal error:  Uncaught exception 'PDOException' with message 'SQLSTATE[42S02]: Base table or view not found: 1146 Table 'Cellfish.staff' doesn't exist' in /home/ubuntu/workspace/aaaaa/admin/check.php:4
Stack trace:
#0 /home/ubuntu/workspace/aaaaa/admin/check.php(4): PDOStatement->execute()
#1 {main}
  thrown in /home/ubuntu/workspace/aaaaa/admin/check.php on line 4
[23-Nov-2017 08:48:38 UTC] PHP Fatal error:  Uncaught exception 'PDOException' with message 'SQLSTATE[42S02]: Base table or view not found: 1146 Table 'Cellfish.staff' doesn't exist' in /home/ubuntu/workspace/aaaaa/admin/check.php:4
Stack trace:
#0 /home/ubuntu/workspace/aaaaa/admin/check.php(4): PDOStatement->execute()
#1 {main}
  thrown in /home/ubuntu/workspace/aaaaa/admin/check.php on line 4
[23-Nov-2017 08:55:47 UTC] PHP Warning:  log() expects parameter 1 to be double, array given in /home/ubuntu/workspace/aaaaa/admin/check.php on line 7
[23-Nov-2017 08:55:47 UTC] PHP Stack trace:
[23-Nov-2017 08:55:47 UTC] PHP   1. {main}() /home/ubuntu/workspace/aaaaa/admin/check.php:0
[23-Nov-2017 08:55:47 UTC] PHP   2. log() /home/ubuntu/workspace/aaaaa/admin/check.php:7
[23-Nov-2017 08:55:47 UTC] PHP Warning:  log() expects parameter 1 to be double, array given in /home/ubuntu/workspace/aaaaa/admin/check.php on line 7
[23-Nov-2017 08:55:47 UTC] PHP Stack trace:
[23-Nov-2017 08:55:47 UTC] PHP   1. {main}() /home/ubuntu/workspace/aaaaa/admin/check.php:0
[23-Nov-2017 08:55:47 UTC] PHP   2. log() /home/ubuntu/workspace/aaaaa/admin/check.php:7
[23-Nov-2017 09:06:51 UTC] PHP Parse error:  syntax error, unexpected '}' in /home/ubuntu/workspace/aaaaa/admin/check.php on line 10
[23-Nov-2017 09:06:58 UTC] PHP Fatal error:  Uncaught exception 'PDOException' with message 'SQLSTATE[42000]: Syntax error or access violation: 1064 You have an error in your SQL syntax; check the manual that corresponds to your MySQL server version for the right syntax to use near '' at line 1' in /home/ubuntu/workspace/aaaaa/admin/check.php:4
Stack trace:
#0 /home/ubuntu/workspace/aaaaa/admin/check.php(4): PDOStatement->execute()
#1 {main}
  thrown in /home/ubuntu/workspace/aaaaa/admin/check.php on line 4
[23-Nov-2017 09:07:09 UTC] PHP Fatal error:  Uncaught exception 'PDOException' with message 'SQLSTATE[42000]: Syntax error or access violation: 1064 You have an error in your SQL syntax; check the manual that corresponds to your MySQL server version for the right syntax to use near '' at line 1' in /home/ubuntu/workspace/aaaaa/admin/check.php:4
Stack trace:
#0 /home/ubuntu/workspace/aaaaa/admin/check.php(4): PDOStatement->execute()
#1 {main}
  thrown in /home/ubuntu/workspace/aaaaa/admin/check.php on line 4
[23-Nov-2017 09:07:32 UTC] PHP Fatal error:  Uncaught exception 'PDOException' with message 'SQLSTATE[42000]: Syntax error or access violation: 1064 You have an error in your SQL syntax; check the manual that corresponds to your MySQL server version for the right syntax to use near '' at line 1' in /home/ubuntu/workspace/aaaaa/admin/check.php:4
Stack trace:
#0 /home/ubuntu/workspace/aaaaa/admin/check.php(4): PDOStatement->execute()
#1 {main}
  thrown in /home/ubuntu/workspace/aaaaa/admin/check.php on line 4
[23-Nov-2017 09:36:23 UTC] PHP Warning:  require_once(database.php): failed to open stream: No such file or directory in /home/ubuntu/workspace/aaaaa/admin/post.php on line 2
[23-Nov-2017 09:36:23 UTC] PHP Stack trace:
[23-Nov-2017 09:36:23 UTC] PHP   1. {main}() /home/ubuntu/workspace/aaaaa/admin/post.php:0
[23-Nov-2017 09:36:23 UTC] PHP Fatal error:  require_once(): Failed opening required 'database.php' (include_path='.:/usr/share/php:/usr/share/pear') in /home/ubuntu/workspace/aaaaa/admin/post.php on line 2
[23-Nov-2017 09:36:23 UTC] PHP Stack trace:
[23-Nov-2017 09:36:23 UTC] PHP   1. {main}() /home/ubuntu/workspace/aaaaa/admin/post.php:0
[23-Nov-2017 09:36:53 UTC] PHP Warning:  require_once(database.php): failed to open stream: No such file or directory in /home/ubuntu/workspace/aaaaa/admin/post.php on line 2
[23-Nov-2017 09:36:53 UTC] PHP Stack trace:
[23-Nov-2017 09:36:53 UTC] PHP   1. {main}() /home/ubuntu/workspace/aaaaa/admin/post.php:0
[23-Nov-2017 09:36:53 UTC] PHP Fatal error:  require_once(): Failed opening required 'database.php' (include_path='.:/usr/share/php:/usr/share/pear') in /home/ubuntu/workspace/aaaaa/admin/post.php on line 2
[23-Nov-2017 09:36:53 UTC] PHP Stack trace:
[23-Nov-2017 09:36:53 UTC] PHP   1. {main}() /home/ubuntu/workspace/aaaaa/admin/post.php:0
[23-Nov-2017 09:37:26 UTC] PHP Warning:  require_once(database.php): failed to open stream: No such file or directory in /home/ubuntu/workspace/aaaaa/admin/post.php on line 2
[23-Nov-2017 09:37:26 UTC] PHP Stack trace:
[23-Nov-2017 09:37:26 UTC] PHP   1. {main}() /home/ubuntu/workspace/aaaaa/admin/post.php:0
[23-Nov-2017 09:37:26 UTC] PHP Fatal error:  require_once(): Failed opening required 'database.php' (include_path='.:/usr/share/php:/usr/share/pear') in /home/ubuntu/workspace/aaaaa/admin/post.php on line 2
[23-Nov-2017 09:37:26 UTC] PHP Stack trace:
[23-Nov-2017 09:37:26 UTC] PHP   1. {main}() /home/ubuntu/workspace/aaaaa/admin/post.php:0
[27-Nov-2017 02:12:57 UTC] PHP Fatal error:  Uncaught exception 'PDOException' with message 'SQLSTATE[42S22]: Column not found: 1054 Unknown column 'DATE' in 'order clause'' in /home/ubuntu/workspace/aaaaa/admin/post.php:7
Stack trace:
#0 /home/ubuntu/workspace/aaaaa/admin/post.php(7): PDOStatement->execute()
#1 {main}
  thrown in /home/ubuntu/workspace/aaaaa/admin/post.php on line 7
[27-Nov-2017 02:13:42 UTC] PHP Fatal error:  Uncaught exception 'PDOException' with message 'SQLSTATE[42S22]: Column not found: 1054 Unknown column 'DATE' in 'order clause'' in /home/ubuntu/workspace/aaaaa/admin/post.php:7
Stack trace:
#0 /home/ubuntu/workspace/aaaaa/admin/post.php(7): PDOStatement->execute()
#1 {main}
  thrown in /home/ubuntu/workspace/aaaaa/admin/post.php on line 7
[27-Nov-2017 02:27:18 UTC] PHP Parse error:  syntax error, unexpected ')' in /home/ubuntu/workspace/aaaaa/admin/post.php on line 83
[27-Nov-2017 02:28:13 UTC] PHP Warning:  require_once(database.php): failed to open stream: No such file or directory in /home/ubuntu/workspace/aaaaa/admin/post.php on line 2
[27-Nov-2017 02:28:13 UTC] PHP Stack trace:
[27-Nov-2017 02:28:13 UTC] PHP   1. {main}() /home/ubuntu/workspace/aaaaa/admin/post.php:0
[27-Nov-2017 02:28:13 UTC] PHP Fatal error:  require_once(): Failed opening required 'database.php' (include_path='.:/usr/share/php:/usr/share/pear') in /home/ubuntu/workspace/aaaaa/admin/post.php on line 2
[27-Nov-2017 02:28:13 UTC] PHP Stack trace:
[27-Nov-2017 02:28:13 UTC] PHP   1. {main}() /home/ubuntu/workspace/aaaaa/admin/post.php:0
[27-Nov-2017 02:28:19 UTC] PHP Warning:  require_once(database.php): failed to open stream: No such file or directory in /home/ubuntu/workspace/aaaaa/admin/post.php on line 2
[27-Nov-2017 02:28:19 UTC] PHP Stack trace:
[27-Nov-2017 02:28:19 UTC] PHP   1. {main}() /home/ubuntu/workspace/aaaaa/admin/post.php:0
[27-Nov-2017 02:28:19 UTC] PHP Fatal error:  require_once(): Failed opening required 'database.php' (include_path='.:/usr/share/php:/usr/share/pear') in /home/ubuntu/workspace/aaaaa/admin/post.php on line 2
[27-Nov-2017 02:28:19 UTC] PHP Stack trace:
[27-Nov-2017 02:28:19 UTC] PHP   1. {main}() /home/ubuntu/workspace/aaaaa/admin/post.php:0
[27-Nov-2017 02:39:19 UTC] PHP Parse error:  syntax error, unexpected ')' in /home/ubuntu/workspace/aaaaa/admin/post.php on line 82
[27-Nov-2017 02:54:37 UTC] PHP Parse error:  syntax error, unexpected end of file in /home/ubuntu/workspace/aaaaa/admin/data.php on line 162
[27-Nov-2017 02:54:46 UTC] PHP Parse error:  syntax error, unexpected end of file in /home/ubuntu/workspace/aaaaa/admin/data.php on line 162
[27-Nov-2017 03:29:38 UTC] PHP Parse error:  syntax error, unexpected ')' in /home/ubuntu/workspace/aaaaa/admin/data.php on line 3
[27-Nov-2017 03:32:31 UTC] PHP Parse error:  syntax error, unexpected ')' in /home/ubuntu/workspace/aaaaa/admin/data.php on line 3
[27-Nov-2017 13:37:12 UTC] PHP Fatal error:  Uncaught exception 'PDOException' with message 'SQLSTATE[42000]: Syntax error or access violation: 1064 You have an error in your SQL syntax; check the manual that corresponds to your MySQL server version for the right syntax to use near '' at line 1' in /home/ubuntu/workspace/aaaaa/admin/Check.php:9
Stack trace:
#0 /home/ubuntu/workspace/aaaaa/admin/Check.php(9): PDOStatement->execute()
#1 {main}
  thrown in /home/ubuntu/workspace/aaaaa/admin/Check.php on line 9
[27-Nov-2017 13:42:40 UTC] PHP Fatal error:  Uncaught exception 'PDOException' with message 'SQLSTATE[42000]: Syntax error or access violation: 1064 You have an error in your SQL syntax; check the manual that corresponds to your MySQL server version for the right syntax to use near 'where Id =' at line 1' in /home/ubuntu/workspace/aaaaa/admin/Check.php:11
Stack trace:
#0 /home/ubuntu/workspace/aaaaa/admin/Check.php(11): PDOStatement->execute()
#1 {main}
  thrown in /home/ubuntu/workspace/aaaaa/admin/Check.php on line 11
[28-Nov-2017 02:26:26 UTC] PHP Fatal error:  Uncaught exception 'PDOException' with message 'SQLSTATE[HY093]: Invalid parameter number: mixed named and positional parameters' in /home/ubuntu/workspace/aaaaa/admin/Check.php:12
Stack trace:
#0 /home/ubuntu/workspace/aaaaa/admin/Check.php(12): PDOStatement->execute()
#1 {main}
  thrown in /home/ubuntu/workspace/aaaaa/admin/Check.php on line 12
[28-Nov-2017 02:27:05 UTC] PHP Fatal error:  Uncaught exception 'PDOException' with message 'SQLSTATE[HY093]: Invalid parameter number: mixed named and positional parameters' in /home/ubuntu/workspace/aaaaa/admin/Check.php:13
Stack trace:
#0 /home/ubuntu/workspace/aaaaa/admin/Check.php(13): PDOStatement->execute()
#1 {main}
  thrown in /home/ubuntu/workspace/aaaaa/admin/Check.php on line 13
[28-Nov-2017 02:58:42 UTC] PHP Fatal error:  Uncaught exception 'PDOException' with message 'SQLSTATE[42000]: Syntax error or access violation: 1064 You have an error in your SQL syntax; check the manual that corresponds to your MySQL server version for the right syntax to use near 'where Id = 4444' at line 1' in /home/ubuntu/workspace/aaaaa/admin/InCheck.php:12
Stack trace:
#0 /home/ubuntu/workspace/aaaaa/admin/InCheck.php(12): PDOStatement->execute()
#1 {main}
  thrown in /home/ubuntu/workspace/aaaaa/admin/InCheck.php on line 12
[28-Nov-2017 03:00:07 UTC] PHP Fatal error:  Uncaught exception 'PDOException' with message 'SQLSTATE[21S01]: Insert value list does not match column list: 1136 Column count doesn't match value count at row 1' in /home/ubuntu/workspace/aaaaa/admin/InCheck.php:11
Stack trace:
#0 /home/ubuntu/workspace/aaaaa/admin/InCheck.php(11): PDOStatement->execute()
#1 {main}
  thrown in /home/ubuntu/workspace/aaaaa/admin/InCheck.php on line 11
[28-Nov-2017 03:01:49 UTC] PHP Warning:  file_get_contents(): Filename cannot be empty in /home/ubuntu/workspace/aaaaa/admin/InCheck.php on line 8
[28-Nov-2017 03:01:49 UTC] PHP Stack trace:
[28-Nov-2017 03:01:49 UTC] PHP   1. {main}() /home/ubuntu/workspace/aaaaa/admin/InCheck.php:0
[28-Nov-2017 03:01:49 UTC] PHP   2. file_get_contents() /home/ubuntu/workspace/aaaaa/admin/InCheck.php:8
[28-Nov-2017 03:01:49 UTC] PHP Fatal error:  Uncaught exception 'PDOException' with message 'SQLSTATE[21S01]: Insert value list does not match column list: 1136 Column count doesn't match value count at row 1' in /home/ubuntu/workspace/aaaaa/admin/InCheck.php:11
Stack trace:
#0 /home/ubuntu/workspace/aaaaa/admin/InCheck.php(11): PDOStatement->execute()
#1 {main}
  thrown in /home/ubuntu/workspace/aaaaa/admin/InCheck.php on line 11
[28-Nov-2017 03:02:28 UTC] PHP Fatal error:  Uncaught exception 'PDOException' with message 'SQLSTATE[21S01]: Insert value list does not match column list: 1136 Column count doesn't match value count at row 1' in /home/ubuntu/workspace/aaaaa/admin/InCheck.php:11
Stack trace:
#0 /home/ubuntu/workspace/aaaaa/admin/InCheck.php(11): PDOStatement->execute()
#1 {main}
  thrown in /home/ubuntu/workspace/aaaaa/admin/InCheck.php on line 11
[28-Nov-2017 03:05:26 UTC] PHP Fatal error:  Uncaught exception 'PDOException' with message 'SQLSTATE[21S01]: Insert value list does not match column list: 1136 Column count doesn't match value count at row 1' in /home/ubuntu/workspace/aaaaa/admin/InCheck.php:11
Stack trace:
#0 /home/ubuntu/workspace/aaaaa/admin/InCheck.php(11): PDOStatement->execute()
#1 {main}
  thrown in /home/ubuntu/workspace/aaaaa/admin/InCheck.php on line 11
[28-Nov-2017 03:06:03 UTC] PHP Fatal error:  Uncaught exception 'PDOException' with message 'SQLSTATE[21S01]: Insert value list does not match column list: 1136 Column count doesn't match value count at row 1' in /home/ubuntu/workspace/aaaaa/admin/InCheck.php:11
Stack trace:
#0 /home/ubuntu/workspace/aaaaa/admin/InCheck.php(11): PDOStatement->execute()
#1 {main}
  thrown in /home/ubuntu/workspace/aaaaa/admin/InCheck.php on line 11
[28-Nov-2017 03:19:02 UTC] PHP Fatal error:  Uncaught exception 'PDOException' with message 'SQLSTATE[42000]: Syntax error or access violation: 1064 You have an error in your SQL syntax; check the manual that corresponds to your MySQL server version for the right syntax to use near '* from Post where Id = 444' at line 1' in /home/ubuntu/workspace/aaaaa/admin/del.php:5
Stack trace:
#0 /home/ubuntu/workspace/aaaaa/admin/del.php(5): PDOStatement->execute()
#1 {main}
  thrown in /home/ubuntu/workspace/aaaaa/admin/del.php on line 5
[28-Nov-2017 03:19:34 UTC] PHP Fatal error:  Uncaught exception 'PDOException' with message 'SQLSTATE[42000]: Syntax error or access violation: 1064 You have an error in your SQL syntax; check the manual that corresponds to your MySQL server version for the right syntax to use near '* from Post where Id = 444' at line 1' in /home/ubuntu/workspace/aaaaa/admin/del.php:6
Stack trace:
#0 /home/ubuntu/workspace/aaaaa/admin/del.php(6): PDOStatement->execute()
#1 {main}
  thrown in /home/ubuntu/workspace/aaaaa/admin/del.php on line 6
[28-Nov-2017 03:20:39 UTC] PHP Fatal error:  Uncaught exception 'PDOException' with message 'SQLSTATE[42000]: Syntax error or access violation: 1064 You have an error in your SQL syntax; check the manual that corresponds to your MySQL server version for the right syntax to use near '* from Post where Id = '444'' at line 1' in /home/ubuntu/workspace/aaaaa/admin/del.php:6
Stack trace:
#0 /home/ubuntu/workspace/aaaaa/admin/del.php(6): PDOStatement->execute()
#1 {main}
  thrown in /home/ubuntu/workspace/aaaaa/admin/del.php on line 6
[28-Nov-2017 05:56:42 UTC] PHP Fatal error:  Call to a member function format() on a non-object in /home/ubuntu/workspace/aaaaa/admin/data.php on line 90
[28-Nov-2017 05:56:42 UTC] PHP Stack trace:
[28-Nov-2017 05:56:42 UTC] PHP   1. {main}() /home/ubuntu/workspace/aaaaa/admin/data.php:0
[28-Nov-2017 05:58:22 UTC] PHP Fatal error:  Uncaught exception 'PDOException' with message 'SQLSTATE[42000]: Syntax error or access violation: 1064 You have an error in your SQL syntax; check the manual that corresponds to your MySQL server version for the right syntax to use near 'ORDER BY DateTime' at line 1' in /home/ubuntu/workspace/aaaaa/admin/data.php:7
Stack trace:
#0 /home/ubuntu/workspace/aaaaa/admin/data.php(7): PDOStatement->execute()
#1 {main}
  thrown in /home/ubuntu/workspace/aaaaa/admin/data.php on line 7
[28-Nov-2017 05:59:15 UTC] PHP Fatal error:  Uncaught exception 'PDOException' with message 'SQLSTATE[42000]: Syntax error or access violation: 1064 You have an error in your SQL syntax; check the manual that corresponds to your MySQL server version for the right syntax to use near 'ORDER BY DateTime' at line 1' in /home/ubuntu/workspace/aaaaa/admin/data.php:7
Stack trace:
#0 /home/ubuntu/workspace/aaaaa/admin/data.php(7): PDOStatement->execute()
#1 {main}
  thrown in /home/ubuntu/workspace/aaaaa/admin/data.php on line 7
[28-Nov-2017 06:00:35 UTC] PHP Fatal error:  Uncaught exception 'PDOException' with message 'SQLSTATE[42000]: Syntax error or access violation: 1064 You have an error in your SQL syntax; check the manual that corresponds to your MySQL server version for the right syntax to use near 'ORDER BY DateTime' at line 1' in /home/ubuntu/workspace/aaaaa/admin/data.php:7
Stack trace:
#0 /home/ubuntu/workspace/aaaaa/admin/data.php(7): PDOStatement->execute()
#1 {main}
  thrown in /home/ubuntu/workspace/aaaaa/admin/data.php on line 7
[28-Nov-2017 06:01:20 UTC] PHP Fatal error:  Call to a member function format() on a non-object in /home/ubuntu/workspace/aaaaa/admin/data.php on line 93
[28-Nov-2017 06:01:20 UTC] PHP Stack trace:
[28-Nov-2017 06:01:20 UTC] PHP   1. {main}() /home/ubuntu/workspace/aaaaa/admin/data.php:0
[28-Nov-2017 06:02:56 UTC] PHP Warning:  Invalid argument supplied for foreach() in /home/ubuntu/workspace/aaaaa/admin/data.php on line 90
[28-Nov-2017 06:02:56 UTC] PHP Stack trace:
[28-Nov-2017 06:02:56 UTC] PHP   1. {main}() /home/ubuntu/workspace/aaaaa/admin/data.php:0
[28-Nov-2017 06:04:58 UTC] PHP Fatal error:  Call to a member function format() on a non-object in /home/ubuntu/workspace/aaaaa/admin/data.php on line 94
[28-Nov-2017 06:04:58 UTC] PHP Stack trace:
[28-Nov-2017 06:04:58 UTC] PHP   1. {main}() /home/ubuntu/workspace/aaaaa/admin/data.php:0
[28-Nov-2017 06:09:10 UTC] PHP Fatal error:  Call to a member function format() on a non-object in /home/ubuntu/workspace/aaaaa/admin/data.php on line 122
[28-Nov-2017 06:09:10 UTC] PHP Stack trace:
[28-Nov-2017 06:09:10 UTC] PHP   1. {main}() /home/ubuntu/workspace/aaaaa/admin/data.php:0
[28-Nov-2017 06:11:59 UTC] PHP Warning:  require_once(database.php): failed to open stream: No such file or directory in /home/ubuntu/workspace/aaaaa/admin/ads.php on line 2
[28-Nov-2017 06:11:59 UTC] PHP Stack trace:
[28-Nov-2017 06:11:59 UTC] PHP   1. {main}() /home/ubuntu/workspace/aaaaa/admin/ads.php:0
[28-Nov-2017 06:11:59 UTC] PHP Fatal error:  require_once(): Failed opening required 'database.php' (include_path='.:/usr/share/php:/usr/share/pear') in /home/ubuntu/workspace/aaaaa/admin/ads.php on line 2
[28-Nov-2017 06:11:59 UTC] PHP Stack trace:
[28-Nov-2017 06:11:59 UTC] PHP   1. {main}() /home/ubuntu/workspace/aaaaa/admin/ads.php:0
[28-Nov-2017 06:12:11 UTC] PHP Fatal error:  Uncaught exception 'PDOException' with message 'SQLSTATE[42000]: Syntax error or access violation: 1064 You have an error in your SQL syntax; check the manual that corresponds to your MySQL server version for the right syntax to use near 'ORDER BY likeNo desc' at line 1' in /home/ubuntu/workspace/aaaaa/admin/ads.php:8
Stack trace:
#0 /home/ubuntu/workspace/aaaaa/admin/ads.php(8): PDOStatement->execute()
#1 {main}
  thrown in /home/ubuntu/workspace/aaaaa/admin/ads.php on line 8
[28-Nov-2017 06:12:32 UTC] PHP Fatal error:  Uncaught exception 'PDOException' with message 'SQLSTATE[42000]: Syntax error or access violation: 1064 You have an error in your SQL syntax; check the manual that corresponds to your MySQL server version for the right syntax to use near 'ORDER BY likeNo desc' at line 1' in /home/ubuntu/workspace/aaaaa/admin/ads.php:8
Stack trace:
#0 /home/ubuntu/workspace/aaaaa/admin/ads.php(8): PDOStatement->execute()
#1 {main}
  thrown in /home/ubuntu/workspace/aaaaa/admin/ads.php on line 8
[28-Nov-2017 06:12:43 UTC] PHP Fatal error:  Uncaught exception 'PDOException' with message 'SQLSTATE[42000]: Syntax error or access violation: 1064 You have an error in your SQL syntax; check the manual that corresponds to your MySQL server version for the right syntax to use near 'ORDER BY likeNo desc' at line 1' in /home/ubuntu/workspace/aaaaa/admin/ads.php:5
Stack trace:
#0 /home/ubuntu/workspace/aaaaa/admin/ads.php(5): PDOStatement->execute()
#1 {main}
  thrown in /home/ubuntu/workspace/aaaaa/admin/ads.php on line 5
[28-Nov-2017 06:12:50 UTC] PHP Fatal error:  Uncaught exception 'PDOException' with message 'SQLSTATE[42000]: Syntax error or access violation: 1064 You have an error in your SQL syntax; check the manual that corresponds to your MySQL server version for the right syntax to use near 'ORDER BY likeNo desc' at line 1' in /home/ubuntu/workspace/aaaaa/admin/ads.php:5
Stack trace:
#0 /home/ubuntu/workspace/aaaaa/admin/ads.php(5): PDOStatement->execute()
#1 {main}
  thrown in /home/ubuntu/workspace/aaaaa/admin/ads.php on line 5
[28-Nov-2017 06:12:58 UTC] PHP Fatal error:  Uncaught exception 'PDOException' with message 'SQLSTATE[42000]: Syntax error or access violation: 1064 You have an error in your SQL syntax; check the manual that corresponds to your MySQL server version for the right syntax to use near 'ORDER BY likeNo desc' at line 1' in /home/ubuntu/workspace/aaaaa/admin/ads.php:5
Stack trace:
#0 /home/ubuntu/workspace/aaaaa/admin/ads.php(5): PDOStatement->execute()
#1 {main}
  thrown in /home/ubuntu/workspace/aaaaa/admin/ads.php on line 5
[28-Nov-2017 06:27:19 UTC] PHP Fatal error:  Uncaught exception 'PDOException' with message 'SQLSTATE[42000]: Syntax error or access violation: 1064 You have an error in your SQL syntax; check the manual that corresponds to your MySQL server version for the right syntax to use near '' at line 1' in /home/ubuntu/workspace/aaaaa/admin/data.php:4
Stack trace:
#0 /home/ubuntu/workspace/aaaaa/admin/data.php(4): PDOStatement->execute()
#1 {main}
  thrown in /home/ubuntu/workspace/aaaaa/admin/data.php on line 4
[28-Nov-2017 06:33:02 UTC] PHP Fatal error:  Uncaught exception 'PDOException' with message 'SQLSTATE[42000]: Syntax error or access violation: 1064 You have an error in your SQL syntax; check the manual that corresponds to your MySQL server version for the right syntax to use near '' at line 1' in /home/ubuntu/workspace/aaaaa/admin/data.php:4
Stack trace:
#0 /home/ubuntu/workspace/aaaaa/admin/data.php(4): PDOStatement->execute()
#1 {main}
  thrown in /home/ubuntu/workspace/aaaaa/admin/data.php on line 4
[28-Nov-2017 07:05:11 UTC] PHP Fatal error:  Uncaught exception 'PDOException' with message 'SQLSTATE[42000]: Syntax error or access violation: 1064 You have an error in your SQL syntax; check the manual that corresponds to your MySQL server version for the right syntax to use near 'Id2undefined' at line 1' in /home/ubuntu/workspace/aaaaa/admin/dele.php:5
Stack trace:
#0 /home/ubuntu/workspace/aaaaa/admin/dele.php(5): PDOStatement->execute()
#1 {main}
  thrown in /home/ubuntu/workspace/aaaaa/admin/dele.php on line 5
[28-Nov-2017 07:06:32 UTC] PHP Fatal error:  Uncaught exception 'PDOException' with message 'SQLSTATE[42000]: Syntax error or access violation: 1064 You have an error in your SQL syntax; check the manual that corresponds to your MySQL server version for the right syntax to use near 'Id21' at line 1' in /home/ubuntu/workspace/aaaaa/admin/dele.php:5
Stack trace:
#0 /home/ubuntu/workspace/aaaaa/admin/dele.php(5): PDOStatement->execute()
#1 {main}
  thrown in /home/ubuntu/workspace/aaaaa/admin/dele.php on line 5
[28-Nov-2017 07:06:44 UTC] PHP Fatal error:  Uncaught exception 'PDOException' with message 'SQLSTATE[42000]: Syntax error or access violation: 1064 You have an error in your SQL syntax; check the manual that corresponds to your MySQL server version for the right syntax to use near 'Id2=1' at line 1' in /home/ubuntu/workspace/aaaaa/admin/dele.php:5
Stack trace:
#0 /home/ubuntu/workspace/aaaaa/admin/dele.php(5): PDOStatement->execute()
#1 {main}
  thrown in /home/ubuntu/workspace/aaaaa/admin/dele.php on line 5
[28-Nov-2017 07:07:01 UTC] PHP Fatal error:  Uncaught exception 'PDOException' with message 'SQLSTATE[42000]: Syntax error or access violation: 1064 You have an error in your SQL syntax; check the manual that corresponds to your MySQL server version for the right syntax to use near 'Id2=1' at line 1' in /home/ubuntu/workspace/aaaaa/admin/dele.php:5
Stack trace:
#0 /home/ubuntu/workspace/aaaaa/admin/dele.php(5): PDOStatement->execute()
#1 {main}
  thrown in /home/ubuntu/workspace/aaaaa/admin/dele.php on line 5
[28-Nov-2017 07:12:23 UTC] PHP Fatal error:  Uncaught exception 'PDOException' with message 'SQLSTATE[42000]: Syntax error or access violation: 1064 You have an error in your SQL syntax; check the manual that corresponds to your MySQL server version for the right syntax to use near 'Id2=1' at line 1' in /home/ubuntu/workspace/aaaaa/admin/dele.php:5
Stack trace:
#0 /home/ubuntu/workspace/aaaaa/admin/dele.php(5): PDOStatement->execute()
#1 {main}
  thrown in /home/ubuntu/workspace/aaaaa/admin/dele.php on line 5
[28-Nov-2017 07:13:06 UTC] PHP Fatal error:  Uncaught exception 'PDOException' with message 'SQLSTATE[42000]: Syntax error or access violation: 1064 You have an error in your SQL syntax; check the manual that corresponds to your MySQL server version for the right syntax to use near 'Id2=1' at line 1' in /home/ubuntu/workspace/aaaaa/admin/dele.php:6
Stack trace:
#0 /home/ubuntu/workspace/aaaaa/admin/dele.php(6): PDOStatement->execute()
#1 {main}
  thrown in /home/ubuntu/workspace/aaaaa/admin/dele.php on line 6
[28-Nov-2017 07:14:21 UTC] PHP Fatal error:  Uncaught exception 'PDOException' with message 'SQLSTATE[42000]: Syntax error or access violation: 1064 You have an error in your SQL syntax; check the manual that corresponds to your MySQL server version for the right syntax to use near 'Id2=1' at line 1' in /home/ubuntu/workspace/aaaaa/admin/dele.php:6
Stack trace:
#0 /home/ubuntu/workspace/aaaaa/admin/dele.php(6): PDOStatement->execute()
#1 {main}
  thrown in /home/ubuntu/workspace/aaaaa/admin/dele.php on line 6
[28-Nov-2017 07:19:22 UTC] PHP Fatal error:  Cannot use object of type PDOStatement as array in /home/ubuntu/workspace/aaaaa/admin/data.php on line 118
[28-Nov-2017 07:19:22 UTC] PHP Stack trace:
[28-Nov-2017 07:19:22 UTC] PHP   1. {main}() /home/ubuntu/workspace/aaaaa/admin/data.php:0
[28-Nov-2017 07:19:36 UTC] PHP Fatal error:  Cannot use object of type PDOStatement as array in /home/ubuntu/workspace/aaaaa/admin/data.php on line 118
[28-Nov-2017 07:19:36 UTC] PHP Stack trace:
[28-Nov-2017 07:19:36 UTC] PHP   1. {main}() /home/ubuntu/workspace/aaaaa/admin/data.php:0
[28-Nov-2017 07:27:51 UTC] PHP Fatal error:  Uncaught exception 'PDOException' with message 'SQLSTATE[42S22]: Column not found: 1054 Unknown column 'undefined' in 'where clause'' in /home/ubuntu/workspace/aaaaa/admin/de.php:6
Stack trace:
#0 /home/ubuntu/workspace/aaaaa/admin/de.php(6): PDOStatement->execute()
#1 {main}
  thrown in /home/ubuntu/workspace/aaaaa/admin/de.php on line 6
[30-Nov-2017 08:44:41 UTC] PHP Warning:  file_get_contents(): Filename cannot be empty in /home/ubuntu/workspace/aaaaa/admin/Check.php on line 8
[30-Nov-2017 08:44:41 UTC] PHP Stack trace:
[30-Nov-2017 08:44:41 UTC] PHP   1. {main}() /home/ubuntu/workspace/aaaaa/admin/Check.php:0
[30-Nov-2017 08:44:41 UTC] PHP   2. file_get_contents() /home/ubuntu/workspace/aaaaa/admin/Check.php:8
[30-Nov-2017 08:44:41 UTC] PHP Fatal error:  Uncaught exception 'PDOException' with message 'SQLSTATE[42000]: Syntax error or access violation: 1064 You have an error in your SQL syntax; check the manual that corresponds to your MySQL server version for the right syntax to use near 's most pressing transportation challenges.',likeNo='0',DateTime='2017-11-23',typ' at line 1' in /home/ubuntu/workspace/aaaaa/admin/Check.php:12
Stack trace:
#0 /home/ubuntu/workspace/aaaaa/admin/Check.php(12): PDOStatement->execute()
#1 {main}
  thrown in /home/ubuntu/workspace/aaaaa/admin/Check.php on line 12
[30-Nov-2017 08:45:11 UTC] PHP Fatal error:  Uncaught exception 'PDOException' with message 'SQLSTATE[HY093]: Invalid parameter number: mixed named and positional parameters' in /home/ubuntu/workspace/aaaaa/admin/Check.php:12
Stack trace:
#0 /home/ubuntu/workspace/aaaaa/admin/Check.php(12): PDOStatement->execute()
#1 {main}
  thrown in /home/ubuntu/workspace/aaaaa/admin/Check.php on line 12
[30-Nov-2017 08:46:34 UTC] PHP Fatal error:  Uncaught exception 'PDOException' with message 'SQLSTATE[HY093]: Invalid parameter number: no parameters were bound' in /home/ubuntu/workspace/aaaaa/admin/Check.php:12
Stack trace:
#0 /home/ubuntu/workspace/aaaaa/admin/Check.php(12): PDOStatement->execute()
#1 {main}
  thrown in /home/ubuntu/workspace/aaaaa/admin/Check.php on line 12
[30-Nov-2017 08:46:57 UTC] PHP Fatal error:  Uncaught exception 'PDOException' with message 'SQLSTATE[HY093]: Invalid parameter number: no parameters were bound' in /home/ubuntu/workspace/aaaaa/admin/Check.php:12
Stack trace:
#0 /home/ubuntu/workspace/aaaaa/admin/Check.php(12): PDOStatement->execute()
#1 {main}
  thrown in /home/ubuntu/workspace/aaaaa/admin/Check.php on line 12
[30-Nov-2017 08:47:33 UTC] PHP Fatal error:  Uncaught exception 'PDOException' with message 'SQLSTATE[HY093]: Invalid parameter number: no parameters were bound' in /home/ubuntu/workspace/aaaaa/admin/Check.php:12
Stack trace:
#0 /home/ubuntu/workspace/aaaaa/admin/Check.php(12): PDOStatement->execute()
#1 {main}
  thrown in /home/ubuntu/workspace/aaaaa/admin/Check.php on line 12
[01-Dec-2017 04:04:09 UTC] PHP Warning:  file_get_contents(): Filename cannot be empty in /home/ubuntu/workspace/aaaaa/admin/Check.php on line 8
[01-Dec-2017 04:04:09 UTC] PHP Stack trace:
[01-Dec-2017 04:04:09 UTC] PHP   1. {main}() /home/ubuntu/workspace/aaaaa/admin/Check.php:0
[01-Dec-2017 04:04:09 UTC] PHP   2. file_get_contents() /home/ubuntu/workspace/aaaaa/admin/Check.php:8
[01-Dec-2017 04:06:08 UTC] PHP Warning:  file_get_contents(): Filename cannot be empty in /home/ubuntu/workspace/aaaaa/admin/Check.php on line 8
[01-Dec-2017 04:06:08 UTC] PHP Stack trace:
[01-Dec-2017 04:06:08 UTC] PHP   1. {main}() /home/ubuntu/workspace/aaaaa/admin/Check.php:0
[01-Dec-2017 04:06:08 UTC] PHP   2. file_get_contents() /home/ubuntu/workspace/aaaaa/admin/Check.php:8
[01-Dec-2017 04:14:19 UTC] PHP Warning:  file_get_contents(): Filename cannot be empty in /home/ubuntu/workspace/aaaaa/admin/Check.php on line 8
[01-Dec-2017 04:14:19 UTC] PHP Stack trace:
[01-Dec-2017 04:14:19 UTC] PHP   1. {main}() /home/ubuntu/workspace/aaaaa/admin/Check.php:0
[01-Dec-2017 04:14:19 UTC] PHP   2. file_get_contents() /home/ubuntu/workspace/aaaaa/admin/Check.php:8
[01-Dec-2017 04:14:56 UTC] PHP Warning:  file_get_contents(): Filename cannot be empty in /home/ubuntu/workspace/aaaaa/admin/Check.php on line 8
[01-Dec-2017 04:14:56 UTC] PHP Stack trace:
[01-Dec-2017 04:14:56 UTC] PHP   1. {main}() /home/ubuntu/workspace/aaaaa/admin/Check.php:0
[01-Dec-2017 04:14:56 UTC] PHP   2. file_get_contents() /home/ubuntu/workspace/aaaaa/admin/Check.php:8
[01-Dec-2017 04:18:16 UTC] PHP Fatal error:  Uncaught exception 'PDOException' with message 'SQLSTATE[42000]: Syntax error or access violation: 1064 You have an error in your SQL syntax; check the manual that corresponds to your MySQL server version for the right syntax to use near 'where Id = 3' at line 1' in /home/ubuntu/workspace/aaaaa/admin/Check.php:15
Stack trace:
#0 /home/ubuntu/workspace/aaaaa/admin/Check.php(15): PDOStatement->execute()
#1 {main}
  thrown in /home/ubuntu/workspace/aaaaa/admin/Check.php on line 15
[01-Dec-2017 04:19:33 UTC] PHP Fatal error:  Uncaught exception 'PDOException' with message 'SQLSTATE[42000]: Syntax error or access violation: 1064 You have an error in your SQL syntax; check the manual that corresponds to your MySQL server version for the right syntax to use near 'where Id =' at line 1' in /home/ubuntu/workspace/aaaaa/admin/Check.php:15
Stack trace:
#0 /home/ubuntu/workspace/aaaaa/admin/Check.php(15): PDOStatement->execute()
#1 {main}
  thrown in /home/ubuntu/workspace/aaaaa/admin/Check.php on line 15
[01-Dec-2017 04:19:55 UTC] PHP Fatal error:  Uncaught exception 'PDOException' with message 'SQLSTATE[42000]: Syntax error or access violation: 1064 You have an error in your SQL syntax; check the manual that corresponds to your MySQL server version for the right syntax to use near 'where Id = 3' at line 1' in /home/ubuntu/workspace/aaaaa/admin/Check.php:15
Stack trace:
#0 /home/ubuntu/workspace/aaaaa/admin/Check.php(15): PDOStatement->execute()
#1 {main}
  thrown in /home/ubuntu/workspace/aaaaa/admin/Check.php on line 15
[01-Dec-2017 04:21:34 UTC] PHP Fatal error:  Uncaught exception 'PDOException' with message 'SQLSTATE[42000]: Syntax error or access violation: 1064 You have an error in your SQL syntax; check the manual that corresponds to your MySQL server version for the right syntax to use near 'where Id =' at line 1' in /home/ubuntu/workspace/aaaaa/admin/Check.php:15
Stack trace:
#0 /home/ubuntu/workspace/aaaaa/admin/Check.php(15): PDOStatement->execute()
#1 {main}
  thrown in /home/ubuntu/workspace/aaaaa/admin/Check.php on line 15
[01-Dec-2017 04:21:46 UTC] PHP Fatal error:  Uncaught exception 'PDOException' with message 'SQLSTATE[42000]: Syntax error or access violation: 1064 You have an error in your SQL syntax; check the manual that corresponds to your MySQL server version for the right syntax to use near 'where Id = 3' at line 1' in /home/ubuntu/workspace/aaaaa/admin/Check.php:15
Stack trace:
#0 /home/ubuntu/workspace/aaaaa/admin/Check.php(15): PDOStatement->execute()
#1 {main}
  thrown in /home/ubuntu/workspace/aaaaa/admin/Check.php on line 15
[01-Dec-2017 04:22:16 UTC] PHP Fatal error:  Uncaught exception 'PDOException' with message 'SQLSTATE[42000]: Syntax error or access violation: 1064 You have an error in your SQL syntax; check the manual that corresponds to your MySQL server version for the right syntax to use near 'Title='Phone addiction could ruin your health'Content='Cell phones, and even mor' at line 1' in /home/ubuntu/workspace/aaaaa/admin/Check.php:15
Stack trace:
#0 /home/ubuntu/workspace/aaaaa/admin/Check.php(15): PDOStatement->execute()
#1 {main}
  thrown in /home/ubuntu/workspace/aaaaa/admin/Check.php on line 15
[01-Dec-2017 04:23:10 UTC] PHP Fatal error:  Uncaught exception 'PDOException' with message 'SQLSTATE[42000]: Syntax error or access violation: 1064 You have an error in your SQL syntax; check the manual that corresponds to your MySQL server version for the right syntax to use near 'where Id = 3' at line 1' in /home/ubuntu/workspace/aaaaa/admin/Check.php:15
Stack trace:
#0 /home/ubuntu/workspace/aaaaa/admin/Check.php(15): PDOStatement->execute()
#1 {main}
  thrown in /home/ubuntu/workspace/aaaaa/admin/Check.php on line 15
[01-Dec-2017 04:23:56 UTC] PHP Fatal error:  Uncaught exception 'PDOException' with message 'SQLSTATE[42000]: Syntax error or access violation: 1064 You have an error in your SQL syntax; check the manual that corresponds to your MySQL server version for the right syntax to use near 'where Id = 3' at line 1' in /home/ubuntu/workspace/aaaaa/admin/Check.php:15
Stack trace:
#0 /home/ubuntu/workspace/aaaaa/admin/Check.php(15): PDOStatement->execute()
#1 {main}
  thrown in /home/ubuntu/workspace/aaaaa/admin/Check.php on line 15
[01-Dec-2017 04:25:24 UTC] PHP Fatal error:  Uncaught exception 'PDOException' with message 'SQLSTATE[42000]: Syntax error or access violation: 1064 You have an error in your SQL syntax; check the manual that corresponds to your MySQL server version for the right syntax to use near '..where Id = 3' at line 1' in /home/ubuntu/workspace/aaaaa/admin/Check.php:15
Stack trace:
#0 /home/ubuntu/workspace/aaaaa/admin/Check.php(15): PDOStatement->execute()
#1 {main}
  thrown in /home/ubuntu/workspace/aaaaa/admin/Check.php on line 15
[01-Dec-2017 04:25:58 UTC] PHP Fatal error:  Uncaught exception 'PDOException' with message 'SQLSTATE[42000]: Syntax error or access violation: 1064 You have an error in your SQL syntax; check the manual that corresponds to your MySQL server version for the right syntax to use near 'where Id =' at line 1' in /home/ubuntu/workspace/aaaaa/admin/Check.php:15
Stack trace:
#0 /home/ubuntu/workspace/aaaaa/admin/Check.php(15): PDOStatement->execute()
#1 {main}
  thrown in /home/ubuntu/workspace/aaaaa/admin/Check.php on line 15
[01-Dec-2017 04:26:04 UTC] PHP Fatal error:  Uncaught exception 'PDOException' with message 'SQLSTATE[42000]: Syntax error or access violation: 1064 You have an error in your SQL syntax; check the manual that corresponds to your MySQL server version for the right syntax to use near 'where Id = 3' at line 1' in /home/ubuntu/workspace/aaaaa/admin/Check.php:15
Stack trace:
#0 /home/ubuntu/workspace/aaaaa/admin/Check.php(15): PDOStatement->execute()
#1 {main}
  thrown in /home/ubuntu/workspace/aaaaa/admin/Check.php on line 15
[01-Dec-2017 04:26:25 UTC] PHP Fatal error:  Uncaught exception 'PDOException' with message 'SQLSTATE[42000]: Syntax error or access violation: 1064 You have an error in your SQL syntax; check the manual that corresponds to your MySQL server version for the right syntax to use near 'where Id =' at line 1' in /home/ubuntu/workspace/aaaaa/admin/Check.php:15
Stack trace:
#0 /home/ubuntu/workspace/aaaaa/admin/Check.php(15): PDOStatement->execute()
#1 {main}
  thrown in /home/ubuntu/workspace/aaaaa/admin/Check.php on line 15
[01-Dec-2017 04:26:27 UTC] PHP Fatal error:  Uncaught exception 'PDOException' with message 'SQLSTATE[42000]: Syntax error or access violation: 1064 You have an error in your SQL syntax; check the manual that corresponds to your MySQL server version for the right syntax to use near 'where Id = 3' at line 1' in /home/ubuntu/workspace/aaaaa/admin/Check.php:15
Stack trace:
#0 /home/ubuntu/workspace/aaaaa/admin/Check.php(15): PDOStatement->execute()
#1 {main}
  thrown in /home/ubuntu/workspace/aaaaa/admin/Check.php on line 15
[01-Dec-2017 04:28:17 UTC] PHP Fatal error:  Uncaught exception 'PDOException' with message 'SQLSTATE[42000]: Syntax error or access violation: 1064 You have an error in your SQL syntax; check the manual that corresponds to your MySQL server version for the right syntax to use near 'Id =' at line 1' in /home/ubuntu/workspace/aaaaa/admin/Check.php:15
Stack trace:
#0 /home/ubuntu/workspace/aaaaa/admin/Check.php(15): PDOStatement->execute()
#1 {main}
  thrown in /home/ubuntu/workspace/aaaaa/admin/Check.php on line 15
[01-Dec-2017 04:39:24 UTC] PHP Fatal error:  Uncaught exception 'PDOException' with message 'SQLSTATE[42000]: Syntax error or access violation: 1064 You have an error in your SQL syntax; check the manual that corresponds to your MySQL server version for the right syntax to use near '' at line 1' in /home/ubuntu/workspace/aaaaa/admin/data.php:7
Stack trace:
#0 /home/ubuntu/workspace/aaaaa/admin/data.php(7): PDOStatement->execute()
#1 {main}
  thrown in /home/ubuntu/workspace/aaaaa/admin/data.php on line 7
[01-Dec-2017 04:45:21 UTC] PHP Fatal error:  Uncaught exception 'PDOException' with message 'SQLSTATE[42000]: Syntax error or access violation: 1064 You have an error in your SQL syntax; check the manual that corresponds to your MySQL server version for the right syntax to use near '' at line 1' in /home/ubuntu/workspace/aaaaa/admin/data.php:7
Stack trace:
#0 /home/ubuntu/workspace/aaaaa/admin/data.php(7): PDOStatement->execute()
#1 {main}
  thrown in /home/ubuntu/workspace/aaaaa/admin/data.php on line 7
[01-Dec-2017 04:45:28 UTC] PHP Warning:  file_get_contents(): Filename cannot be empty in /home/ubuntu/workspace/aaaaa/admin/InCheck.php on line 8
[01-Dec-2017 04:45:28 UTC] PHP Stack trace:
[01-Dec-2017 04:45:28 UTC] PHP   1. {main}() /home/ubuntu/workspace/aaaaa/admin/InCheck.php:0
[01-Dec-2017 04:45:28 UTC] PHP   2. file_get_contents() /home/ubuntu/workspace/aaaaa/admin/InCheck.php:8
[01-Dec-2017 05:28:56 UTC] PHP Warning:  file_get_contents(): Filename cannot be empty in /home/ubuntu/workspace/aaaaa/admin/Check.php on line 9
[01-Dec-2017 05:28:56 UTC] PHP Stack trace:
[01-Dec-2017 05:28:56 UTC] PHP   1. {main}() /home/ubuntu/workspace/aaaaa/admin/Check.php:0
[01-Dec-2017 05:28:56 UTC] PHP   2. file_get_contents() /home/ubuntu/workspace/aaaaa/admin/Check.php:9
[01-Dec-2017 05:31:09 UTC] PHP Warning:  file_get_contents(): Filename cannot be empty in /home/ubuntu/workspace/aaaaa/admin/Check.php on line 10
[01-Dec-2017 05:31:09 UTC] PHP Stack trace:
[01-Dec-2017 05:31:09 UTC] PHP   1. {main}() /home/ubuntu/workspace/aaaaa/admin/Check.php:0
[01-Dec-2017 05:31:09 UTC] PHP   2. file_get_contents() /home/ubuntu/workspace/aaaaa/admin/Check.php:10
[01-Dec-2017 05:32:10 UTC] PHP Warning:  file_get_contents(): Filename cannot be empty in /home/ubuntu/workspace/aaaaa/admin/Check.php on line 10
[01-Dec-2017 05:32:10 UTC] PHP Stack trace:
[01-Dec-2017 05:32:10 UTC] PHP   1. {main}() /home/ubuntu/workspace/aaaaa/admin/Check.php:0
[01-Dec-2017 05:32:10 UTC] PHP   2. file_get_contents() /home/ubuntu/workspace/aaaaa/admin/Check.php:10
[01-Dec-2017 05:32:10 UTC] PHP Fatal error:  Uncaught exception 'PDOException' with message 'SQLSTATE[42000]: Syntax error or access violation: 1064 You have an error in your SQL syntax; check the manual that corresponds to your MySQL server version for the right syntax to use near 'Id =' at line 1' in /home/ubuntu/workspace/aaaaa/admin/Check.php:18
Stack trace:
#0 /home/ubuntu/workspace/aaaaa/admin/Check.php(18): PDOStatement->execute()
#1 {main}
  thrown in /home/ubuntu/workspace/aaaaa/admin/Check.php on line 18
[01-Dec-2017 05:32:24 UTC] PHP Warning:  file_get_contents(): Filename cannot be empty in /home/ubuntu/workspace/aaaaa/admin/Check.php on line 10
[01-Dec-2017 05:32:24 UTC] PHP Stack trace:
[01-Dec-2017 05:32:24 UTC] PHP   1. {main}() /home/ubuntu/workspace/aaaaa/admin/Check.php:0
[01-Dec-2017 05:32:24 UTC] PHP   2. file_get_contents() /home/ubuntu/workspace/aaaaa/admin/Check.php:10
[01-Dec-2017 05:34:56 UTC] PHP Warning:  file_get_contents(): Filename cannot be empty in /home/ubuntu/workspace/aaaaa/admin/Check.php on line 10
[01-Dec-2017 05:34:56 UTC] PHP Stack trace:
[01-Dec-2017 05:34:56 UTC] PHP   1. {main}() /home/ubuntu/workspace/aaaaa/admin/Check.php:0
[01-Dec-2017 05:34:56 UTC] PHP   2. file_get_contents() /home/ubuntu/workspace/aaaaa/admin/Check.php:10
[01-Dec-2017 05:35:42 UTC] PHP Fatal error:  Uncaught exception 'PDOException' with message 'SQLSTATE[42000]: Syntax error or access violation: 1064 You have an error in your SQL syntax; check the manual that corresponds to your MySQL server version for the right syntax to use near 'Id =' at line 1' in /home/ubuntu/workspace/aaaaa/admin/Check.php:18
Stack trace:
#0 /home/ubuntu/workspace/aaaaa/admin/Check.php(18): PDOStatement->execute()
#1 {main}
  thrown in /home/ubuntu/workspace/aaaaa/admin/Check.php on line 18
[01-Dec-2017 05:39:21 UTC] PHP Fatal error:  Uncaught exception 'PDOException' with message 'SQLSTATE[42000]: Syntax error or access violation: 1064 You have an error in your SQL syntax; check the manual that corresponds to your MySQL server version for the right syntax to use near 'Id = 1' at line 1' in /home/ubuntu/workspace/aaaaa/admin/Check.php:16
Stack trace:
#0 /home/ubuntu/workspace/aaaaa/admin/Check.php(16): PDOStatement->execute()
#1 {main}
  thrown in /home/ubuntu/workspace/aaaaa/admin/Check.php on line 16
[01-Dec-2017 05:39:50 UTC] PHP Fatal error:  Uncaught exception 'PDOException' with message 'SQLSTATE[42000]: Syntax error or access violation: 1064 You have an error in your SQL syntax; check the manual that corresponds to your MySQL server version for the right syntax to use near 'Image = ''where Id =' at line 1' in /home/ubuntu/workspace/aaaaa/admin/Check.php:16
Stack trace:
#0 /home/ubuntu/workspace/aaaaa/admin/Check.php(16): PDOStatement->execute()
#1 {main}
  thrown in /home/ubuntu/workspace/aaaaa/admin/Check.php on line 16
[01-Dec-2017 05:41:30 UTC] PHP Fatal error:  Uncaught exception 'PDOException' with message 'SQLSTATE[42000]: Syntax error or access violation: 1064 You have an error in your SQL syntax; check the manual that corresponds to your MySQL server version for the right syntax to use near 'Image = ''where Id =' at line 1' in /home/ubuntu/workspace/aaaaa/admin/Check.php:16
Stack trace:
#0 /home/ubuntu/workspace/aaaaa/admin/Check.php(16): PDOStatement->execute()
#1 {main}
  thrown in /home/ubuntu/workspace/aaaaa/admin/Check.php on line 16
[01-Dec-2017 05:42:03 UTC] PHP Fatal error:  Uncaught exception 'PDOException' with message 'SQLSTATE[42000]: Syntax error or access violation: 1064 You have an error in your SQL syntax; check the manual that corresponds to your MySQL server version for the right syntax to use near 'Image = ''where Id =' at line 1' in /home/ubuntu/workspace/aaaaa/admin/Check.php:16
Stack trace:
#0 /home/ubuntu/workspace/aaaaa/admin/Check.php(16): PDOStatement->execute()
#1 {main}
  thrown in /home/ubuntu/workspace/aaaaa/admin/Check.php on line 16
[01-Dec-2017 05:42:25 UTC] PHP Fatal error:  Uncaught exception 'PDOException' with message 'SQLSTATE[42000]: Syntax error or access violation: 1064 You have an error in your SQL syntax; check the manual that corresponds to your MySQL server version for the right syntax to use near 'Image = ''where Id =' at line 1' in /home/ubuntu/workspace/aaaaa/admin/Check.php:16
Stack trace:
#0 /home/ubuntu/workspace/aaaaa/admin/Check.php(16): PDOStatement->execute()
#1 {main}
  thrown in /home/ubuntu/workspace/aaaaa/admin/Check.php on line 16
[01-Dec-2017 05:42:40 UTC] PHP Fatal error:  Uncaught exception 'PDOException' with message 'SQLSTATE[42000]: Syntax error or access violation: 1064 You have an error in your SQL syntax; check the manual that corresponds to your MySQL server version for the right syntax to use near 'Image = ''where Id =' at line 1' in /home/ubuntu/workspace/aaaaa/admin/Check.php:16
Stack trace:
#0 /home/ubuntu/workspace/aaaaa/admin/Check.php(16): PDOStatement->execute()
#1 {main}
  thrown in /home/ubuntu/workspace/aaaaa/admin/Check.php on line 16
[01-Dec-2017 05:43:16 UTC] PHP Fatal error:  Uncaught exception 'PDOException' with message 'SQLSTATE[42000]: Syntax error or access violation: 1064 You have an error in your SQL syntax; check the manual that corresponds to your MySQL server version for the right syntax to use near 'Image = ''where Id =' at line 1' in /home/ubuntu/workspace/aaaaa/admin/Check.php:16
Stack trace:
#0 /home/ubuntu/workspace/aaaaa/admin/Check.php(16): PDOStatement->execute()
#1 {main}
  thrown in /home/ubuntu/workspace/aaaaa/admin/Check.php on line 16
[01-Dec-2017 05:43:53 UTC] PHP Fatal error:  Uncaught exception 'PDOException' with message 'SQLSTATE[42000]: Syntax error or access violation: 1064 You have an error in your SQL syntax; check the manual that corresponds to your MySQL server version for the right syntax to use near 'Image = ''where Id =' at line 1' in /home/ubuntu/workspace/aaaaa/admin/Check.php:16
Stack trace:
#0 /home/ubuntu/workspace/aaaaa/admin/Check.php(16): PDOStatement->execute()
#1 {main}
  thrown in /home/ubuntu/workspace/aaaaa/admin/Check.php on line 16
[01-Dec-2017 06:55:12 UTC] PHP Parse error:  syntax error, unexpected '<' in /home/ubuntu/workspace/aaaaa/admin/listpost.php on line 150
[01-Dec-2017 07:09:43 UTC] PHP Parse error:  syntax error, unexpected '' (T_ENCAPSED_AND_WHITESPACE), expecting identifier (T_STRING) or variable (T_VARIABLE) or number (T_NUM_STRING) in /home/ubuntu/workspace/aaaaa/admin/listpost.php on line 154
[01-Dec-2017 07:52:32 UTC] PHP Fatal error:  Uncaught exception 'PDOException' with message 'SQLSTATE[42000]: Syntax error or access violation: 1064 You have an error in your SQL syntax; check the manual that corresponds to your MySQL server version for the right syntax to use near '' at line 1' in /home/ubuntu/workspace/aaaaa/admin/InCheck.php:15
Stack trace:
#0 /home/ubuntu/workspace/aaaaa/admin/InCheck.php(15): PDOStatement->execute()
#1 {main}
  thrown in /home/ubuntu/workspace/aaaaa/admin/InCheck.php on line 15
[04-Dec-2017 10:54:43 UTC] PHP Fatal error:  Uncaught exception 'PDOException' with message 'SQLSTATE[42000]: Syntax error or access violation: 1064 You have an error in your SQL syntax; check the manual that corresponds to your MySQL server version for the right syntax to use near '' at line 1' in /home/ubuntu/workspace/aaaaa/admin/InCheck.php:15
Stack trace:
#0 /home/ubuntu/workspace/aaaaa/admin/InCheck.php(15): PDOStatement->execute()
#1 {main}
  thrown in /home/ubuntu/workspace/aaaaa/admin/InCheck.php on line 15
[04-Dec-2017 10:54:48 UTC] PHP Fatal error:  Uncaught exception 'PDOException' with message 'SQLSTATE[42000]: Syntax error or access violation: 1064 You have an error in your SQL syntax; check the manual that corresponds to your MySQL server version for the right syntax to use near '' at line 1' in /home/ubuntu/workspace/aaaaa/admin/InCheck.php:15
Stack trace:
#0 /home/ubuntu/workspace/aaaaa/admin/InCheck.php(15): PDOStatement->execute()
#1 {main}
  thrown in /home/ubuntu/workspace/aaaaa/admin/InCheck.php on line 15
[04-Dec-2017 11:01:59 UTC] PHP Fatal error:  Uncaught exception 'PDOException' with message 'SQLSTATE[HY093]: Invalid parameter number: no parameters were bound' in /home/ubuntu/workspace/aaaaa/admin/Check.php:16
Stack trace:
#0 /home/ubuntu/workspace/aaaaa/admin/Check.php(16): PDOStatement->execute()
#1 {main}
  thrown in /home/ubuntu/workspace/aaaaa/admin/Check.php on line 16
[07-Dec-2017 03:53:00 UTC] PHP Fatal error:  Uncaught exception 'PDOException' with message 'SQLSTATE[42000]: Syntax error or access violation: 1064 You have an error in your SQL syntax; check the manual that corresponds to your MySQL server version for the right syntax to use near '' at line 1' in /home/ubuntu/workspace/aaaaa/admin/editpost.php:8
Stack trace:
#0 /home/ubuntu/workspace/aaaaa/admin/editpost.php(8): PDOStatement->execute()
#1 {main}
  thrown in /home/ubuntu/workspace/aaaaa/admin/editpost.php on line 8
[07-Dec-2017 03:59:55 UTC] PHP Fatal error:  Uncaught exception 'PDOException' with message 'SQLSTATE[42000]: Syntax error or access violation: 1064 You have an error in your SQL syntax; check the manual that corresponds to your MySQL server version for the right syntax to use near '' at line 1' in /home/ubuntu/workspace/aaaaa/admin/editpost.php:8
Stack trace:
#0 /home/ubuntu/workspace/aaaaa/admin/editpost.php(8): PDOStatement->execute()
#1 {main}
  thrown in /home/ubuntu/workspace/aaaaa/admin/editpost.php on line 8
[07-Dec-2017 04:42:56 UTC] PHP Fatal error:  Uncaught exception 'PDOException' with message 'SQLSTATE[42000]: Syntax error or access violation: 1064 You have an error in your SQL syntax; check the manual that corresponds to your MySQL server version for the right syntax to use near '' at line 1' in /home/ubuntu/workspace/aaaaa/admin/pass.php:11
Stack trace:
#0 /home/ubuntu/workspace/aaaaa/admin/pass.php(11): PDOStatement->execute()
#1 {main}
  thrown in /home/ubuntu/workspace/aaaaa/admin/pass.php on line 11
[07-Dec-2017 04:43:31 UTC] PHP Fatal error:  Uncaught exception 'PDOException' with message 'SQLSTATE[42000]: Syntax error or access violation: 1064 You have an error in your SQL syntax; check the manual that corresponds to your MySQL server version for the right syntax to use near 'Id =' at line 1' in /home/ubuntu/workspace/aaaaa/admin/pass.php:12
Stack trace:
#0 /home/ubuntu/workspace/aaaaa/admin/pass.php(12): PDOStatement->execute()
#1 {main}
  thrown in /home/ubuntu/workspace/aaaaa/admin/pass.php on line 12
[07-Dec-2017 04:43:41 UTC] PHP Fatal error:  Uncaught exception 'PDOException' with message 'SQLSTATE[42000]: Syntax error or access violation: 1064 You have an error in your SQL syntax; check the manual that corresponds to your MySQL server version for the right syntax to use near '' at line 1' in /home/ubuntu/workspace/aaaaa/admin/pass.php:12
Stack trace:
#0 /home/ubuntu/workspace/aaaaa/admin/pass.php(12): PDOStatement->execute()
#1 {main}
  thrown in /home/ubuntu/workspace/aaaaa/admin/pass.php on line 12
[07-Dec-2017 04:45:04 UTC] PHP Fatal error:  Uncaught exception 'PDOException' with message 'SQLSTATE[42S22]: Column not found: 1054 Unknown column 'admin' in 'where clause'' in /home/ubuntu/workspace/aaaaa/admin/pass.php:12
Stack trace:
#0 /home/ubuntu/workspace/aaaaa/admin/pass.php(12): PDOStatement->execute()
#1 {main}
  thrown in /home/ubuntu/workspace/aaaaa/admin/pass.php on line 12
[07-Dec-2017 04:45:45 UTC] PHP Fatal error:  Uncaught exception 'PDOException' with message 'SQLSTATE[42S22]: Column not found: 1054 Unknown column 'admin' in 'where clause'' in /home/ubuntu/workspace/aaaaa/admin/pass.php:12
Stack trace:
#0 /home/ubuntu/workspace/aaaaa/admin/pass.php(12): PDOStatement->execute()
#1 {main}
  thrown in /home/ubuntu/workspace/aaaaa/admin/pass.php on line 12
[07-Dec-2017 04:47:05 UTC] PHP Fatal error:  Uncaught exception 'PDOException' with message 'SQLSTATE[42000]: Syntax error or access violation: 1064 You have an error in your SQL syntax; check the manual that corresponds to your MySQL server version for the right syntax to use near 'Id =' at line 1' in /home/ubuntu/workspace/aaaaa/admin/pass.php:12
Stack trace:
#0 /home/ubuntu/workspace/aaaaa/admin/pass.php(12): PDOStatement->execute()
#1 {main}
  thrown in /home/ubuntu/workspace/aaaaa/admin/pass.php on line 12
[07-Dec-2017 06:36:21 UTC] PHP Warning:  include(header.php): failed to open stream: No such file or directory in /home/ubuntu/workspace/aaaaa/admin/feedback.php on line 15
[07-Dec-2017 06:36:21 UTC] PHP Stack trace:
[07-Dec-2017 06:36:21 UTC] PHP   1. {main}() /home/ubuntu/workspace/aaaaa/admin/feedback.php:0
[07-Dec-2017 06:36:21 UTC] PHP Warning:  include(): Failed opening 'header.php' for inclusion (include_path='.:/usr/share/php:/usr/share/pear') in /home/ubuntu/workspace/aaaaa/admin/feedback.php on line 15
[07-Dec-2017 06:36:21 UTC] PHP Stack trace:
[07-Dec-2017 06:36:21 UTC] PHP   1. {main}() /home/ubuntu/workspace/aaaaa/admin/feedback.php:0
[07-Dec-2017 06:36:51 UTC] PHP Warning:  include(header.php): failed to open stream: No such file or directory in /home/ubuntu/workspace/aaaaa/admin/feedback.php on line 15
[07-Dec-2017 06:36:51 UTC] PHP Stack trace:
[07-Dec-2017 06:36:51 UTC] PHP   1. {main}() /home/ubuntu/workspace/aaaaa/admin/feedback.php:0
[07-Dec-2017 06:36:51 UTC] PHP Warning:  include(): Failed opening 'header.php' for inclusion (include_path='.:/usr/share/php:/usr/share/pear') in /home/ubuntu/workspace/aaaaa/admin/feedback.php on line 15
[07-Dec-2017 06:36:51 UTC] PHP Stack trace:
[07-Dec-2017 06:36:51 UTC] PHP   1. {main}() /home/ubuntu/workspace/aaaaa/admin/feedback.php:0
[07-Dec-2017 06:36:53 UTC] PHP Warning:  include(header.php): failed to open stream: No such file or directory in /home/ubuntu/workspace/aaaaa/admin/feedback.php on line 15
[07-Dec-2017 06:36:53 UTC] PHP Stack trace:
[07-Dec-2017 06:36:53 UTC] PHP   1. {main}() /home/ubuntu/workspace/aaaaa/admin/feedback.php:0
[07-Dec-2017 06:36:53 UTC] PHP Warning:  include(): Failed opening 'header.php' for inclusion (include_path='.:/usr/share/php:/usr/share/pear') in /home/ubuntu/workspace/aaaaa/admin/feedback.php on line 15
[07-Dec-2017 06:36:53 UTC] PHP Stack trace:
[07-Dec-2017 06:36:53 UTC] PHP   1. {main}() /home/ubuntu/workspace/aaaaa/admin/feedback.php:0
[07-Dec-2017 06:37:23 UTC] PHP Warning:  include(header.php): failed to open stream: No such file or directory in /home/ubuntu/workspace/aaaaa/admin/feedback.php on line 15
[07-Dec-2017 06:37:23 UTC] PHP Stack trace:
[07-Dec-2017 06:37:23 UTC] PHP   1. {main}() /home/ubuntu/workspace/aaaaa/admin/feedback.php:0
[07-Dec-2017 06:37:23 UTC] PHP Warning:  include(): Failed opening 'header.php' for inclusion (include_path='.:/usr/share/php:/usr/share/pear') in /home/ubuntu/workspace/aaaaa/admin/feedback.php on line 15
[07-Dec-2017 06:37:23 UTC] PHP Stack trace:
[07-Dec-2017 06:37:23 UTC] PHP   1. {main}() /home/ubuntu/workspace/aaaaa/admin/feedback.php:0
[07-Dec-2017 08:39:07 UTC] PHP Fatal error:  Uncaught exception 'PDOException' with message 'SQLSTATE[42000]: Syntax error or access violation: 1064 You have an error in your SQL syntax; check the manual that corresponds to your MySQL server version for the right syntax to use near ''admin\'' at line 1' in /home/ubuntu/workspace/aaaaa/admin/check.php:4
Stack trace:
#0 /home/ubuntu/workspace/aaaaa/admin/check.php(4): PDOStatement->execute()
#1 {main}
  thrown in /home/ubuntu/workspace/aaaaa/admin/check.php on line 4
[07-Dec-2017 10:08:38 UTC] PHP Fatal error:  Uncaught exception 'PDOException' with message 'SQLSTATE[42000]: Syntax error or access violation: 1064 You have an error in your SQL syntax; check the manual that corresponds to your MySQL server version for the right syntax to use near '' at line 1' in /home/ubuntu/workspace/aaaaa/admin/InCheck.php:15
Stack trace:
#0 /home/ubuntu/workspace/aaaaa/admin/InCheck.php(15): PDOStatement->execute()
#1 {main}
  thrown in /home/ubuntu/workspace/aaaaa/admin/InCheck.php on line 15
[07-Dec-2017 10:08:48 UTC] PHP Fatal error:  Uncaught exception 'PDOException' with message 'SQLSTATE[42000]: Syntax error or access violation: 1064 You have an error in your SQL syntax; check the manual that corresponds to your MySQL server version for the right syntax to use near '' at line 1' in /home/ubuntu/workspace/aaaaa/admin/InCheck.php:15
Stack trace:
#0 /home/ubuntu/workspace/aaaaa/admin/InCheck.php(15): PDOStatement->execute()
#1 {main}
  thrown in /home/ubuntu/workspace/aaaaa/admin/InCheck.php on line 15
